===================
Spice In Log File
===================
Parameter file: /tmp/spiceInPr27937
Import Parameters:
	Netlist file name: /homes/natelgrw/Documents/titan_foundation_model/results/designs_single_ended_cascode_current_mirror3557/single_ended_cascode_current_mirror3557_0.19_14.0_0.16_7.0_0.13_3.0_0.2_9.0_0.27_8.0_0.1_15.0_0.12_7.0_0.27_12.0_1.14_0.65_0.94/single_ended_cascode_current_mirror3557_0.19_14.0_0.16_7.0_0.13_3.0_0.2_9.0_0.27_8.0_0.1_15.0_0.12_7.0_0.27_12.0_1.14_0.65_0.94.log
	Output library name: analogLib
	Output View Type: schematic
	Schematic view name: schematic
	Netlist view name: netlist_tmp
	Reference Library List: analogLib analogLib 
	Top cell: top
	Device-mapping not enabled.
	Master Cell for Ground: gnd
	Schematic Generation parameter file: /tmp/schOpts_spiceInPr27937
	Simulator: spectre
	Output Simulator: spectre
	paramCaseValue: default
	Language: Spectre
INFO (SPICEIN-56): Spice In failed to import the netlist file '/homes/natelgrw/Documents/titan_foundation_model/results/designs_single_ended_cascode_current_mirror3557/single_ended_cascode_current_mirror3557_0.19_14.0_0.16_7.0_0.13_3.0_0.2_9.0_0.27_8.0_0.1_15.0_0.12_7.0_0.27_12.0_1.14_0.65_0.94/single_ended_cascode_current_mirror3557_0.19_14.0_0.16_7.0_0.13_3.0_0.2_9.0_0.27_8.0_0.1_15.0_0.12_7.0_0.27_12.0_1.14_0.65_0.94.log'. You may like to read the log
file 'spiceIn.log' for details.
